  AppWindow.cpp
C:\Users\Klein\Documents\GitHub\Eigenprojekte\GraphicsProgramming_Youtube\DirectXEngine\DirectXEngine\Matrix4x4.h(101,44): warning C4244: '=': conversion from 'double' to 'float', possible loss of data
C:\Users\Klein\Documents\GitHub\Eigenprojekte\GraphicsProgramming_Youtube\DirectXEngine\DirectXEngine\Matrix4x4.h(102,44): warning C4244: '=': conversion from 'double' to 'float', possible loss of data
C:\Users\Klein\Documents\GitHub\Eigenprojekte\GraphicsProgramming_Youtube\DirectXEngine\DirectXEngine\Matrix4x4.h(103,44): warning C4244: '=': conversion from 'double' to 'float', possible loss of data
C:\Users\Klein\Documents\GitHub\Eigenprojekte\GraphicsProgramming_Youtube\DirectXEngine\DirectXEngine\Matrix4x4.h(104,44): warning C4244: '=': conversion from 'double' to 'float', possible loss of data
C:\Users\Klein\Documents\GitHub\Eigenprojekte\GraphicsProgramming_Youtube\DirectXEngine\DirectXEngine\AppWindow.cpp(76,32): warning C4244: '=': conversion from 'ULONGLONG' to 'long', possible loss of data
  ConstantBuffer.cpp
  DeviceContext.cpp
  GraphicsEngine.cpp
  Mesh.cpp
C:\Users\Klein\Documents\GitHub\Eigenprojekte\GraphicsProgramming_Youtube\DirectXEngine\DirectXEngine\Vector3D.h(43,13): warning C4244: 'initializing': conversion from 'double' to 'float', possible loss of data
  PixelShader.cpp
  RenderSystem.cpp
  SwapChain.cpp
  VertexBuffer.cpp
  VertexShader.cpp
  main.cpp
C:\Users\Klein\Documents\GitHub\Eigenprojekte\GraphicsProgramming_Youtube\DirectXEngine\DirectXEngine\Matrix4x4.h(101,44): warning C4244: '=': conversion from 'double' to 'float', possible loss of data
C:\Users\Klein\Documents\GitHub\Eigenprojekte\GraphicsProgramming_Youtube\DirectXEngine\DirectXEngine\Matrix4x4.h(102,44): warning C4244: '=': conversion from 'double' to 'float', possible loss of data
C:\Users\Klein\Documents\GitHub\Eigenprojekte\GraphicsProgramming_Youtube\DirectXEngine\DirectXEngine\Matrix4x4.h(103,44): warning C4244: '=': conversion from 'double' to 'float', possible loss of data
C:\Users\Klein\Documents\GitHub\Eigenprojekte\GraphicsProgramming_Youtube\DirectXEngine\DirectXEngine\Matrix4x4.h(104,44): warning C4244: '=': conversion from 'double' to 'float', possible loss of data
  Generating code
  2 of 2684 functions (<0.1%) were compiled, the rest were copied from previous compilation.
    0 functions were new in current compilation
    8 functions had inline decision re-evaluated but remain unchanged
  Finished generating code
  DirectXEngine.vcxproj -> C:\Users\Klein\Documents\GitHub\Eigenprojekte\GraphicsProgramming_Youtube\DirectXEngine\x64\Release\DirectXEngine.exe
